<?xml version="1.0" encoding="UTF-8"?>
<!-- Generated by org.testng.reporters.JUnitReportReporter -->
<testsuite hostname="Georgas-MBP" failures="0" tests="2" name="tests.DemoTests_Android" time="29.948" errors="0" timestamp="2025-02-19T17:28:10 GMT" skipped="0">
  <testcase classname="tests.DemoTests_Android" name="android_AppLaunch_StartUpHelp_7469" time="18.207"/>
  <system-out/>
  <testcase classname="tests.DemoTests_Android" name="android_AppLaunch_DefaultDisplay_7465" time="11.741"/>
  <system-out/>
</testsuite> <!-- tests.DemoTests_Android -->
