<?xml version="1.0" encoding="UTF-8"?>
<!-- Generated by org.testng.reporters.JUnitReportReporter -->
<testsuite hostname="Georgas-MBP" failures="0" tests="2" name="tests.DemoTests" time="30.297" errors="0" timestamp="2025-02-18T16:26:01 GMT" skipped="0">
  <testcase classname="tests.DemoTests" name="android_AppLaunch_DefaultDisplay_7465" time="10.791"/>
  <system-out/>
  <testcase classname="tests.DemoTests" name="android_AppLaunch_StartUpHelp_7469" time="19.506"/>
  <system-out/>
</testsuite> <!-- tests.DemoTests -->
