<?xml version="1.0" encoding="UTF-8"?>
<!-- Generated by org.testng.reporters.JUnitReportReporter -->
<testsuite hostname="Georgas-MBP" failures="0" tests="2" name="tests.DemoTests_IOS" time="48.841" errors="0" timestamp="2025-02-19T17:36:50 GMT" skipped="0">
  <testcase classname="tests.DemoTests_IOS" name="iOS_AppLaunch_StartUpHelp_7469" time="29.336"/>
  <system-out/>
  <testcase classname="tests.DemoTests_IOS" name="iOS_AppLaunch_DefaultDisplay_7465" time="19.505"/>
  <system-out/>
</testsuite> <!-- tests.DemoTests_IOS -->
