<?xml version="1.0" encoding="UTF-8"?>
<!-- Generated by org.testng.reporters.JUnitReportReporter -->
<testsuite hostname="Georgas-MacBook-Pro.local" failures="0" tests="3" name="tests.DemoTests" time="59.045" errors="0" timestamp="2025-02-21T08:06:57 GMT" skipped="0">
  <testcase classname="tests.DemoTests" name="AppLaunch_DefaultDisplay_7465" time="10.615"/>
  <system-out/>
  <testcase classname="tests.DemoTests" name="AppLaunch_StartUpHelp_7469" time="22.722"/>
  <system-out/>
  <testcase classname="tests.DemoTests" name="Login_ValidInputs_7522" time="25.708"/>
  <system-out/>
</testsuite> <!-- tests.DemoTests -->
