<?xml version="1.0" encoding="UTF-8"?>
<!-- Generated by org.testng.reporters.JUnitReportReporter -->
<testsuite hostname="Georgas-MBP" failures="0" tests="1" name="tests.DemoTests" time="30.512" errors="0" timestamp="2025-02-19T16:44:52 GMT" skipped="0">
  <testcase classname="tests.DemoTests" name="AppLaunch_DefaultDisplay_7465" time="30.512"/>
  <system-out/>
</testsuite> <!-- tests.DemoTests -->
