<?xml version="1.0" encoding="UTF-8"?>
<!-- Generated by org.testng.reporters.JUnitReportReporter -->
<testsuite hostname="Georgas-MacBook-Pro.local" failures="0" tests="3" name="tests.DemoTests" time="70.044" errors="0" timestamp="2025-02-21T08:45:18 GMT" skipped="0">
  <testcase classname="tests.DemoTests" name="AppLaunch_StartUpHelp_7469" time="25.359"/>
  <system-out/>
  <testcase classname="tests.DemoTests" name="AppLaunch_DefaultDisplay_7465" time="14.564"/>
  <system-out/>
  <testcase classname="tests.DemoTests" name="Login_ValidInputs_7522" time="30.121"/>
  <system-out/>
</testsuite> <!-- tests.DemoTests -->
