<?xml version="1.0" encoding="UTF-8"?>
<!-- Generated by org.testng.reporters.JUnitReportReporter -->
<testsuite hostname="Georgas-MBP" failures="0" tests="2" name="tests.DemoTests_IOS" time="46.160" errors="0" timestamp="2025-02-18T16:27:10 GMT" skipped="0">
  <testcase classname="tests.DemoTests_IOS" name="iOS_AppLaunch_DefaultDisplay_7465" time="17.990"/>
  <system-out/>
  <testcase classname="tests.DemoTests_IOS" name="iOS_AppLaunch_StartUpHelp_7469" time="28.170"/>
  <system-out/>
</testsuite> <!-- tests.DemoTests_IOS -->
