<?xml version="1.0" encoding="UTF-8"?>
<!-- Generated by org.testng.reporters.JUnitReportReporter -->
<testsuite hostname="Georgas-MacBook-Pro.local" failures="0" tests="2" name="tests.DemoTests" time="49.225" errors="0" timestamp="2025-02-20T09:15:26 GMT" skipped="0">
  <testcase classname="tests.DemoTests" name="AppLaunch_DefaultDisplay_7465" time="18.309"/>
  <system-out/>
  <testcase classname="tests.DemoTests" name="AppLaunch_StartUpHelp_7469" time="30.916"/>
  <system-out/>
</testsuite> <!-- tests.DemoTests -->
